Build started 2017/2/7 23:27:50.
     1>Project "G:\GitHub\KeyAuthAWS\KeyAuthAWS\KeyAuthAWS.vcxproj" on node 2 (Build target(s)).
     1>ClCompile:
         C:\Program Files (x86)\Microsoft Visual Studio 11.0\VC\bin\CL.exe /c /ZI /nologo /W3 /WX- /sdl /Od /Oy- /D WIN32 /D _WINDOWS /D _DEBUG /D _UNICODE /D UNICODE /D _AFXDLL /Gm /EHsc /RTC1 /MDd /GS /fp:precise /Zc:wchar_t /Zc:forScope /Yc"stdafx.h" /Fp"Debug\KeyAuthAWS.pch" /Fo"Debug\\" /Fd"Debug\vc110.pdb" /Gd /TP /analyze- /errorReport:prompt stdafx.cpp
         stdafx.cpp
         C:\Program Files (x86)\Microsoft Visual Studio 11.0\VC\bin\CL.exe /c /ZI /nologo /W3 /WX- /sdl /Od /Oy- /D WIN32 /D _WINDOWS /D _DEBUG /D _UNICODE /D UNICODE /D _AFXDLL /Gm /EHsc /RTC1 /MDd /GS /fp:precise /Zc:wchar_t /Zc:forScope /Yu"stdafx.h" /Fp"Debug\KeyAuthAWS.pch" /Fo"Debug\\" /Fd"Debug\vc110.pdb" /Gd /TP /analyze- /errorReport:prompt ChildFrm.cpp ChildView.cpp KeyAuthAWS.cpp MainFrm.cpp
         MainFrm.cpp
         KeyAuthAWS.cpp
         ChildView.cpp
         ChildFrm.cpp
         Generating Code...
       ResourceCompile:
         C:\Program Files (x86)\Windows Kits\8.0\bin\x86\rc.exe /D _DEBUG /D _UNICODE /D UNICODE /D _AFXDLL /l"0x0409" /IDebug\ /nologo /fo"Debug\KeyAuthAWS.res" KeyAuthAWS.rc 
       Link:
         C:\Program Files (x86)\Microsoft Visual Studio 11.0\VC\bin\link.exe /ERRORREPORT:PROMPT /OUT:"G:\GitHub\KeyAuthAWS\Debug\KeyAuthAWS.exe" /INCREMENTAL /NOLOGO /MANIFEST /MANIFESTUAC:"level='asInvoker' uiAccess='false'" /manifest:embed /manifestinput:"C:\Program Files (x86)\Microsoft Visual Studio 11.0\VC\Include\Manifest\dpiaware.manifest" /DEBUG /PDB:"G:\GitHub\KeyAuthAWS\Debug\KeyAuthAWS.pdb" /SUBSYSTEM:WINDOWS /TLBID:1 /ENTRY:"wWinMainCRTStartup" /DYNAMICBASE /NXCOMPAT /IMPLIB:"G:\GitHub\KeyAuthAWS\Debug\KeyAuthAWS.lib" /MACHINE:X86 Debug\KeyAuthAWS.res
         Debug\ChildFrm.obj
         Debug\ChildView.obj
         Debug\KeyAuthAWS.obj
         Debug\MainFrm.obj
         Debug\stdafx.obj
         KeyAuthAWS.vcxproj -> G:\GitHub\KeyAuthAWS\Debug\KeyAuthAWS.exe
     1>Done Building Project "G:\GitHub\KeyAuthAWS\KeyAuthAWS\KeyAuthAWS.vcxproj" (Build target(s)).

Build succeeded.

Time Elapsed 00:00:10.60
